<?xml version="1.0" encoding="UTF-8"?>
<!-- Generated by org.testng.reporters.JUnitReportReporter -->
<testsuite hostname="Ravee" name="com.vTiger.HomePageButtons.VT_CreateMeeting" tests="1" failures="0" timestamp="9 Jan 2014 18:34:06 GMT" time="21.515" errors="0">
  <testcase name="testVT_Calendar" time="21.515" classname="com.vTiger.HomePageButtons.VT_CreateMeeting"/>
</testsuite> <!-- com.vTiger.HomePageButtons.VT_CreateMeeting -->
