<?xml version="1.0" encoding="UTF-8"?>
<!-- Generated by org.testng.reporters.JUnitReportReporter -->
<testsuite hostname="Ravee" name="com.vTiger.Leads.VT_AddLead_Products" tests="1" failures="0" timestamp="9 Jan 2014 17:42:07 GMT" time="42.248" errors="0">
  <testcase name="testVT_AddProducts" time="42.248" classname="com.vTiger.Leads.VT_AddLead_Products"/>
</testsuite> <!-- com.vTiger.Leads.VT_AddLead_Products -->
