<?xml version="1.0" encoding="UTF-8"?>
<!-- Generated by org.testng.reporters.JUnitReportReporter -->
<testsuite hostname="Ravee" name="com.vTiger.Leads.VT_CreateLead_Valid" tests="1" failures="0" timestamp="9 Jan 2014 06:27:10 GMT" time="22.674" errors="0">
  <testcase name="testVT_CreateLead_Valid" time="22.674" classname="com.vTiger.Leads.VT_CreateLead_Valid"/>
</testsuite> <!-- com.vTiger.Leads.VT_CreateLead_Valid -->
