<?xml version="1.0" encoding="UTF-8"?>
<!-- Generated by org.testng.reporters.JUnitReportReporter -->
<testsuite hostname="Ravee" name="com.vTiger.Administrator.VT_CRMSettings_MenuEditor" tests="1" failures="0" timestamp="9 Jan 2014 07:11:33 GMT" time="24.664" errors="0">
  <testcase name="testVT_CRMSettings_MenuEditor" time="24.664" classname="com.vTiger.Administrator.VT_CRMSettings_MenuEditor"/>
</testsuite> <!-- com.vTiger.Administrator.VT_CRMSettings_MenuEditor -->
