<?xml version="1.0" encoding="UTF-8"?>
<!-- Generated by org.testng.reporters.JUnitReportReporter -->
<testsuite hostname="Ravee" name="com.vTiger.Administrator.VT_PrivacyPolicy" tests="1" failures="0" timestamp="9 Jan 2014 16:41:35 GMT" time="30.565" errors="0">
  <testcase name="testVT_PrivacyPolicy" time="30.565" classname="com.vTiger.Administrator.VT_PrivacyPolicy"/>
</testsuite> <!-- com.vTiger.Administrator.VT_PrivacyPolicy -->
