<?xml version="1.0" encoding="UTF-8"?>
<!-- Generated by org.testng.reporters.JUnitReportReporter -->
<testsuite hostname="Ravee" name="com.vTiger.Login_Logout.VT_Login_Valid" tests="1" failures="0" timestamp="8 Jan 2014 20:02:46 GMT" time="12.423" errors="0">
  <testcase name="testVT_Login_Valid" time="12.423" classname="com.vTiger.Login_Logout.VT_Login_Valid"/>
</testsuite> <!-- com.vTiger.Login_Logout.VT_Login_Valid -->
